<?xml version="1.0" encoding="UTF-8"?>
<!-- Generated by org.testng.reporters.JUnitXMLReporter -->
<testsuite hostname="LAPTOP-30SLKRRO" ignored="5" name="Test" tests="1" failures="0" timestamp="2021-08-12T15:45:23 IST" time="0.046" errors="0">
  <testcase name="test06" time="0.015" classname="org.testngsample.TestNGGroup"/>
  <testcase name="test00" time="0.0" classname="org.testngsample.TestNGGroup">
    <ignored/>
  </testcase> <!-- test00 -->
  <testcase name="test03" time="0.0" classname="org.testngsample.TestNGGroup">
    <ignored/>
  </testcase> <!-- test03 -->
  <testcase name="test05" time="0.0" classname="org.testngsample.TestNGGroup">
    <ignored/>
  </testcase> <!-- test05 -->
  <testcase name="test04" time="0.0" classname="org.testngsample.TestNGGroup">
    <ignored/>
  </testcase> <!-- test04 -->
  <testcase name="test01" time="0.0" classname="org.testngsample.TestNGGroup">
    <ignored/>
  </testcase> <!-- test01 -->
</testsuite> <!-- Test -->
