<?xml version="1.0" encoding="UTF-8"?>
<!-- Generated by org.testng.reporters.JUnitXMLReporter -->
<testsuite hostname="LAPTOP-30SLKRRO" ignored="0" name="Test" tests="4" failures="0" timestamp="2021-08-12T10:24:29 IST" time="43.289" errors="0">
  <testcase name="test" time="26.811" classname="org.testngsample.TestNGSample"/>
  <testcase name="test" time="5.452" classname="org.testngsample.TestNGSample"/>
  <testcase name="test" time="4.589" classname="org.testngsample.TestNGSample"/>
  <testcase name="test" time="6.369" classname="org.testngsample.TestNGSample"/>
</testsuite> <!-- Test -->
