<?xml version="1.0" encoding="UTF-8"?>
<testng-results skipped="0" failed="0" ignored="0" total="4" passed="4">
  <reporter-output>
  </reporter-output>
  <suite name="Suite" duration-ms="43289" started-at="2021-08-12T10:23:46 IST" finished-at="2021-08-12T10:24:29 IST">
    <groups>
    </groups>
    <test name="Test" duration-ms="43289" started-at="2021-08-12T10:23:46 IST" finished-at="2021-08-12T10:24:29 IST">
      <class name="org.testngsample.TestNGSample">
        <test-method status="PASS" signature="test(java.lang.String, java.lang.String)[pri:0, instance:org.testngsample.TestNGSample@74650e52]" name="test" duration-ms="26811" started-at="2021-08-12T10:23:46 IST" data-provider="adactin" finished-at="2021-08-12T10:24:12 IST">
          <params>
            <param index="0">
              <value>
                <![CDATA[Sripathi]]>
              </value>
            </param>
            <param index="1">
              <value>
                <![CDATA[Sripathi]]>
              </value>
            </param>
          </params>
          <reporter-output>
          </reporter-output>
        </test-method> <!-- test -->
        <test-method status="PASS" signature="test(java.lang.String, java.lang.String)[pri:0, instance:org.testngsample.TestNGSample@74650e52]" name="test" duration-ms="5452" started-at="2021-08-12T10:24:12 IST" data-provider="adactin" finished-at="2021-08-12T10:24:18 IST">
          <params>
            <param index="0">
              <value>
                <![CDATA[Pathisri]]>
              </value>
            </param>
            <param index="1">
              <value>
                <![CDATA[Sripathi]]>
              </value>
            </param>
          </params>
          <reporter-output>
          </reporter-output>
        </test-method> <!-- test -->
        <test-method status="PASS" signature="test(java.lang.String, java.lang.String)[pri:0, instance:org.testngsample.TestNGSample@74650e52]" name="test" duration-ms="4589" started-at="2021-08-12T10:24:18 IST" data-provider="adactin" finished-at="2021-08-12T10:24:22 IST">
          <params>
            <param index="0">
              <value>
                <![CDATA[Sripathi]]>
              </value>
            </param>
            <param index="1">
              <value>
                <![CDATA[Pathisri]]>
              </value>
            </param>
          </params>
          <reporter-output>
          </reporter-output>
        </test-method> <!-- test -->
        <test-method status="PASS" signature="test(java.lang.String, java.lang.String)[pri:0, instance:org.testngsample.TestNGSample@74650e52]" name="test" duration-ms="6369" started-at="2021-08-12T10:24:22 IST" data-provider="adactin" finished-at="2021-08-12T10:24:29 IST">
          <params>
            <param index="0">
              <value>
                <![CDATA[Pathisri]]>
              </value>
            </param>
            <param index="1">
              <value>
                <![CDATA[Pathisri]]>
              </value>
            </param>
          </params>
          <reporter-output>
          </reporter-output>
        </test-method> <!-- test -->
      </class> <!-- org.testngsample.TestNGSample -->
    </test> <!-- Test -->
  </suite> <!-- Suite -->
</testng-results>
